c:\users\user\source\repos\cursova\cursova\x64\debug\vc143.pdb
c:\users\user\source\repos\cursova\cursova\x64\debug\vc143.idb
c:\users\user\source\repos\cursova\cursova\x64\debug\main.obj
c:\users\user\source\repos\cursova\x64\debug\cursova.exe
c:\users\user\source\repos\cursova\cursova\x64\debug\cursova.ilk
c:\users\user\source\repos\cursova\x64\debug\cursova.pdb
c:\users\gigoto\documents\github\list-of-words\listofwords\listofwords\x64\debug\main.obj
c:\users\gigoto\documents\github\list-of-words\listofwords\listofwords\x64\debug\main.obj.enc
c:\users\gigoto\documents\github\list-of-words\listofwords\listofwords\x64\debug\listofwords.ilk
c:\users\gigoto\documents\github\list-of-words\listofwords\listofwords\x64\debug\vc143.idb
c:\users\gigoto\documents\github\list-of-words\listofwords\listofwords\x64\debug\vc143.pdb
c:\users\gigoto\documents\github\list-of-words\listofwords\x64\debug\listofwords.pdb
c:\users\gigoto\documents\github\list-of-words\listofwords\x64\debug\listofwords.exe
c:\users\gigoto\documents\github\list-of-words\listofwords\listofwords\x64\debug\listofwords.tlog\cl.command.1.tlog
c:\users\gigoto\documents\github\list-of-words\listofwords\listofwords\x64\debug\listofwords.tlog\cl.items.tlog
c:\users\gigoto\documents\github\list-of-words\listofwords\listofwords\x64\debug\listofwords.tlog\cl.read.1.tlog
c:\users\gigoto\documents\github\list-of-words\listofwords\listofwords\x64\debug\listofwords.tlog\cl.write.1.tlog
c:\users\gigoto\documents\github\list-of-words\listofwords\listofwords\x64\debug\listofwords.tlog\link.command.1.tlog
c:\users\gigoto\documents\github\list-of-words\listofwords\listofwords\x64\debug\listofwords.tlog\link.read.1.tlog
c:\users\gigoto\documents\github\list-of-words\listofwords\listofwords\x64\debug\listofwords.tlog\link.write.1.tlog
